SF:/home/steve/Development/google/dart/projects/ethereum/lib/ethereum_server_client.dart
DA:23,2
DA:26,1
DA:27,1
end_of_record
SF:/home/steve/Development/google/dart/projects/ethereum/lib/src/adapters/ethereum_server_http_adapter.dart
DA:22,1
DA:23,3
DA:24,1
DA:25,2
DA:26,2
DA:27,1
DA:28,2
DA:29,1
DA:30,2
DA:31,1
DA:33,0
DA:35,2
DA:39,0
DA:41,1
end_of_record
SF:/home/steve/Development/google/dart/projects/ethereum/lib/src/ethereum_error.dart
DA:14,2
DA:19,0
DA:24,0
DA:29,1
DA:34,0
DA:37,1
DA:38,1
DA:39,1
DA:40,2
DA:44,4
end_of_record
SF:/home/steve/Development/google/dart/projects/ethereum/lib/src/ethereum.dart
DA:17,1
DA:18,3
DA:24,1
DA:25,3
DA:26,1
DA:42,0
DA:47,0
DA:61,1
DA:63,1
DA:64,1
DA:70,1
DA:72,1
DA:79,1
DA:81,3
DA:82,1
DA:83,1
DA:89,2
DA:90,2
DA:95,6
DA:96,4
DA:98,0
DA:99,0
DA:102,2
DA:103,4
DA:104,2
DA:106,1
DA:109,4
DA:110,2
DA:111,6
DA:124,1
DA:125,6
DA:126,1
DA:127,4
DA:136,3
DA:137,1
DA:138,1
DA:140,0
DA:142,0
DA:147,1
DA:150,2
DA:151,3
DA:152,1
DA:153,2
DA:155,0
DA:157,1
DA:162,3
DA:163,1
DA:164,1
DA:166,0
DA:168,0
DA:173,3
DA:174,1
DA:175,1
DA:177,0
DA:179,0
DA:184,3
DA:185,1
DA:186,2
DA:188,0
DA:190,0
DA:195,3
DA:196,1
DA:197,1
DA:199,0
DA:201,0
DA:206,3
DA:207,1
DA:208,1
DA:210,0
DA:212,0
DA:217,3
DA:218,1
DA:219,2
DA:221,0
DA:223,0
DA:228,3
DA:229,1
DA:230,1
DA:232,0
DA:234,0
DA:239,3
DA:240,1
DA:241,2
DA:243,0
DA:245,0
DA:250,3
DA:251,1
DA:252,2
DA:254,0
DA:256,0
DA:261,3
DA:262,1
DA:263,2
DA:265,0
DA:267,0
DA:272,3
DA:273,1
DA:274,2
DA:276,0
DA:278,0
DA:285,1
DA:288,1
DA:292,1
DA:293,1
DA:297,1
DA:298,1
DA:301,3
DA:302,1
DA:303,2
DA:305,0
DA:307,1
DA:315,1
DA:318,1
DA:321,1
DA:325,1
DA:326,1
DA:330,1
DA:331,1
DA:332,1
DA:335,3
DA:336,1
DA:337,2
DA:339,1
DA:341,1
DA:348,1
DA:352,1
DA:356,1
DA:357,1
DA:361,2
DA:362,3
DA:363,1
DA:364,2
DA:366,0
DA:368,1
DA:376,1
DA:380,2
DA:381,3
DA:382,1
DA:383,1
DA:384,0
DA:389,0
DA:391,1
DA:401,1
DA:406,1
DA:407,1
DA:411,1
DA:412,3
DA:413,1
DA:414,1
DA:415,2
DA:420,0
DA:422,1
DA:430,1
DA:434,2
DA:435,3
DA:436,1
DA:437,1
DA:438,0
DA:443,0
DA:445,1
DA:455,1
DA:460,1
DA:461,1
DA:465,1
DA:466,3
DA:467,1
DA:468,1
DA:469,2
DA:474,0
DA:476,1
DA:483,1
DA:486,1
DA:490,1
DA:491,1
DA:495,2
DA:496,3
DA:497,1
DA:498,2
DA:500,0
DA:502,1
DA:510,1
DA:513,1
DA:516,1
DA:517,1
DA:518,1
DA:520,3
DA:521,1
DA:522,2
DA:524,0
DA:526,1
DA:541,1
DA:544,1
DA:547,1
DA:548,1
DA:549,1
DA:550,1
DA:552,1
DA:553,1
DA:554,1
DA:555,1
DA:557,1
DA:558,1
DA:559,3
DA:560,1
DA:561,0
DA:563,1
DA:565,1
DA:573,1
DA:577,2
DA:578,3
DA:579,1
DA:580,0
DA:582,1
DA:584,1
DA:600,1
DA:603,1
DA:607,1
DA:608,1
DA:612,1
DA:613,1
DA:614,1
DA:615,1
DA:617,1
DA:618,1
DA:619,1
DA:621,1
DA:622,1
DA:623,3
DA:624,1
DA:625,2
DA:627,1
DA:629,1
DA:645,1
DA:646,1
DA:647,1
DA:648,1
DA:650,1
DA:651,1
DA:652,1
DA:654,1
DA:655,1
DA:657,3
DA:658,1
DA:659,2
DA:661,0
DA:663,0
DA:673,1
DA:675,2
DA:677,3
DA:678,1
DA:679,2
DA:681,0
DA:683,1
DA:695,1
DA:699,1
DA:700,1
DA:704,1
DA:706,3
DA:707,1
DA:708,2
DA:710,0
DA:712,1
DA:720,1
DA:722,2
DA:724,3
DA:725,1
DA:726,2
DA:728,0
DA:730,1
DA:739,1
DA:743,1
DA:746,1
DA:747,1
DA:748,1
DA:751,3
DA:752,1
DA:753,2
DA:755,0
DA:757,1
DA:766,1
DA:770,1
DA:774,1
DA:775,1
DA:779,1
DA:781,1
DA:785,3
DA:786,1
DA:787,2
DA:789,0
DA:791,1
DA:801,1
DA:804,2
DA:806,3
DA:807,1
DA:808,2
DA:810,0
DA:812,1
DA:822,1
DA:826,1
DA:829,1
DA:830,1
DA:831,1
DA:834,3
DA:835,1
DA:836,2
DA:838,0
DA:840,1
DA:850,1
DA:854,1
DA:858,1
DA:859,1
DA:863,1
DA:865,1
DA:868,3
DA:869,1
DA:870,2
DA:872,0
DA:874,1
DA:899,1
DA:900,1
DA:905,1
DA:906,1
DA:910,1
DA:912,1
DA:914,0
DA:915,0
DA:917,2
DA:921,2
DA:923,1
DA:925,3
DA:926,1
DA:927,0
DA:929,1
DA:931,0
DA:938,1
DA:940,3
DA:941,1
DA:942,2
DA:944,0
DA:946,0
DA:953,1
DA:955,3
DA:956,1
DA:957,2
DA:959,0
DA:961,0
DA:970,1
DA:972,2
DA:974,3
DA:975,1
DA:976,1
DA:978,0
DA:980,1
DA:988,1
DA:990,2
DA:992,3
DA:993,1
DA:994,0
DA:996,1
DA:998,1
DA:1005,1
DA:1007,2
DA:1009,3
DA:1010,1
DA:1011,0
DA:1013,1
DA:1015,1
DA:1025,1
DA:1026,0
DA:1031,1
DA:1032,0
DA:1036,1
DA:1038,0
DA:1040,0
DA:1041,0
DA:1043,0
DA:1047,2
DA:1049,1
DA:1051,3
DA:1052,1
DA:1053,0
DA:1055,1
DA:1057,0
DA:1063,1
DA:1065,3
DA:1066,1
DA:1067,2
DA:1069,0
DA:1071,0
DA:1082,1
DA:1085,1
DA:1088,1
DA:1090,1
DA:1091,1
DA:1092,1
DA:1093,1
DA:1096,3
DA:1097,1
DA:1098,1
DA:1100,0
DA:1102,1
DA:1111,1
DA:1114,1
DA:1116,2
DA:1118,3
DA:1119,1
DA:1120,1
DA:1122,0
DA:1124,1
DA:1129,1
DA:1131,3
DA:1132,1
DA:1133,1
DA:1135,0
DA:1137,0
DA:1153,1
DA:1156,1
DA:1159,1
DA:1162,1
DA:1164,1
DA:1165,1
DA:1166,1
DA:1167,1
DA:1169,1
DA:1170,1
DA:1172,1
DA:1173,1
DA:1175,3
DA:1176,1
DA:1177,0
DA:1179,1
DA:1181,1
end_of_record
SF:/home/steve/Development/google/dart/projects/ethereum/lib/src/ethereum_rpc_client.dart
DA:15,2
DA:23,1
DA:28,0
DA:30,2
DA:34,1
DA:35,1
DA:36,1
DA:38,1
DA:40,2
DA:41,2
DA:42,3
DA:47,0
DA:48,0
DA:49,0
DA:51,0
DA:53,0
DA:59,0
DA:61,0
end_of_record
SF:/home/steve/Development/google/dart/projects/ethereum/lib/src/messages/ethereum_transaction_receipt.dart
DA:14,0
DA:16,2
DA:17,2
DA:23,2
DA:28,2
DA:33,2
DA:38,2
DA:43,1
DA:48,2
DA:53,2
DA:58,1
DA:63,1
DA:69,1
DA:75,1
DA:79,1
DA:82,2
DA:83,4
DA:85,2
DA:86,1
DA:87,3
DA:89,2
DA:90,4
DA:92,2
DA:93,1
DA:94,3
DA:96,2
DA:97,1
DA:98,3
DA:100,2
DA:101,4
DA:103,2
DA:104,4
DA:106,2
DA:107,4
DA:109,2
DA:110,4
DA:112,2
DA:113,4
DA:115,2
DA:116,2
DA:117,3
DA:118,2
DA:119,4
DA:120,1
DA:121,1
DA:122,2
DA:130,2
DA:131,2
DA:132,4
DA:133,2
DA:134,4
DA:135,2
DA:136,4
DA:137,2
DA:138,4
DA:139,2
DA:140,4
DA:141,2
DA:142,4
end_of_record
SF:/home/steve/Development/google/dart/projects/ethereum/lib/src/messages/ethereum_transaction.dart
DA:14,0
DA:16,2
DA:17,2
DA:23,2
DA:28,1
DA:34,2
DA:40,2
DA:46,2
DA:51,2
DA:56,2
DA:61,2
DA:66,1
DA:71,2
DA:76,1
DA:80,1
DA:83,2
DA:84,4
DA:86,2
DA:87,4
DA:89,2
DA:90,4
DA:92,2
DA:93,1
DA:94,3
DA:96,2
DA:97,1
DA:98,3
DA:100,2
DA:101,4
DA:103,2
DA:104,4
DA:106,2
DA:107,4
DA:109,2
DA:110,4
DA:112,2
DA:113,4
DA:115,2
DA:116,4
DA:122,2
DA:123,2
DA:124,4
DA:125,2
DA:126,4
DA:127,2
DA:128,4
DA:129,2
DA:130,4
DA:131,2
DA:132,4
DA:133,2
DA:134,4
DA:135,2
DA:136,4
DA:137,2
DA:138,4
end_of_record
SF:/home/steve/Development/google/dart/projects/ethereum/lib/src/messages/ethereum_work.dart
DA:15,0
DA:17,2
DA:18,2
DA:24,2
DA:29,2
DA:34,2
DA:41,4
DA:44,6
DA:45,6
DA:46,6
DA:51,2
DA:52,2
DA:53,4
DA:54,2
DA:55,4
DA:56,2
DA:57,4
end_of_record
SF:/home/steve/Development/google/dart/projects/ethereum/lib/src/adapters/ethereum_inetwork_adapter.dart
DA:14,0
end_of_record
SF:/home/steve/Development/google/dart/projects/ethereum/lib/src/messages/ethereum_sync_status.dart
DA:14,0
DA:16,2
DA:17,2
DA:23,2
DA:28,2
DA:33,2
DA:38,2
DA:42,4
DA:43,2
DA:44,2
DA:45,3
DA:47,2
DA:48,3
DA:50,2
DA:51,3
DA:59,4
DA:60,1
DA:61,3
DA:62,1
DA:63,2
DA:64,1
DA:65,2
end_of_record
SF:/home/steve/Development/google/dart/projects/ethereum/lib/src/messages/ethereum_block.dart
DA:14,0
DA:16,2
DA:17,2
DA:23,2
DA:28,2
DA:33,2
DA:38,1
DA:43,1
DA:48,1
DA:53,1
DA:58,1
DA:63,0
DA:68,2
DA:73,2
DA:78,1
DA:83,1
DA:88,1
DA:93,1
DA:98,2
DA:103,2
DA:109,1
DA:114,1
DA:119,1
DA:123,2
DA:126,2
DA:127,4
DA:129,2
DA:130,4
DA:132,2
DA:133,4
DA:135,2
DA:136,4
DA:138,2
DA:139,4
DA:141,2
DA:142,4
DA:144,2
DA:145,1
DA:146,3
DA:148,2
DA:149,4
DA:151,2
DA:152,0
DA:154,2
DA:155,4
DA:157,2
DA:158,1
DA:159,3
DA:161,2
DA:162,1
DA:163,3
DA:165,2
DA:166,4
DA:168,2
DA:169,4
DA:171,2
DA:172,4
DA:174,2
DA:175,4
DA:177,2
DA:178,2
DA:179,3
DA:181,2
DA:182,1
DA:183,3
DA:185,2
DA:186,2
DA:187,3
DA:188,4
DA:190,1
DA:191,1
DA:192,3
DA:195,2
DA:196,4
DA:197,1
DA:199,1
DA:200,2
DA:209,2
DA:210,2
DA:211,4
DA:212,2
DA:213,4
DA:214,2
DA:215,4
DA:216,2
DA:217,4
DA:218,2
DA:219,4
DA:220,2
DA:221,4
DA:222,2
DA:223,4
end_of_record
SF:/home/steve/Development/google/dart/projects/ethereum/lib/src/messages/ethereum_filter.dart
DA:18,0
DA:20,1
DA:21,1
DA:27,1
DA:32,1
DA:37,1
DA:40,2
DA:41,3
DA:43,3
DA:46,2
DA:47,3
DA:48,1
DA:49,1
DA:50,2
end_of_record
SF:/home/steve/Development/google/dart/projects/ethereum/lib/src/ethereum_utilities.dart
DA:25,2
DA:26,2
DA:27,2
DA:28,1
DA:29,1
DA:31,2
DA:32,1
DA:34,3
DA:35,1
DA:36,1
DA:37,2
DA:38,1
DA:42,2
DA:47,2
DA:53,2
DA:58,0
DA:59,0
DA:64,2
DA:65,6
DA:70,0
DA:71,0
DA:76,1
DA:77,4
DA:82,2
DA:83,2
DA:85,2
DA:87,2
DA:89,1
end_of_record
SF:/home/steve/Development/google/dart/projects/ethereum/lib/src/messages/ethereum_log.dart
DA:14,0
DA:16,1
DA:17,1
DA:23,1
DA:28,1
DA:33,1
DA:38,1
DA:43,1
DA:48,1
DA:53,1
DA:58,1
DA:65,1
DA:69,1
DA:72,2
DA:73,0
DA:75,2
DA:76,4
DA:78,2
DA:79,1
DA:80,3
DA:82,2
DA:83,4
DA:85,2
DA:86,4
DA:88,2
DA:89,1
DA:90,3
DA:92,2
DA:93,4
DA:95,2
DA:96,4
DA:98,2
DA:99,2
DA:100,3
DA:101,2
DA:102,4
DA:103,1
DA:104,2
DA:112,1
DA:113,1
DA:114,2
DA:115,1
DA:116,2
DA:117,1
DA:118,2
DA:119,1
DA:120,2
DA:121,1
DA:122,2
DA:123,1
DA:124,2
DA:125,1
DA:126,2
end_of_record
