SF:/home/steve/Development/google/dart/projects/ethereum/lib/ethereum_server_client.dart
DA:23,2
DA:26,1
DA:27,1
end_of_record
SF:/home/steve/Development/google/dart/projects/ethereum/lib/src/adapters/ethereum_server_http_adapter.dart
DA:22,1
DA:23,3
DA:24,1
DA:25,2
DA:26,2
DA:27,1
DA:28,2
DA:29,1
DA:30,2
DA:31,1
DA:33,0
DA:35,2
DA:39,0
DA:41,1
end_of_record
SF:/home/steve/Development/google/dart/projects/ethereum/lib/src/ethereum_error.dart
DA:19,2
DA:24,1
DA:29,1
DA:34,2
DA:39,1
DA:42,2
DA:43,2
DA:44,2
DA:45,4
DA:49,8
end_of_record
SF:/home/steve/Development/google/dart/projects/ethereum/lib/src/ethereum.dart
DA:17,1
DA:18,3
DA:24,1
DA:25,3
DA:26,1
DA:42,0
DA:47,0
DA:56,2
DA:58,4
DA:66,1
DA:68,1
DA:69,1
DA:75,1
DA:77,1
DA:84,1
DA:86,3
DA:87,1
DA:88,1
DA:94,2
DA:95,2
DA:100,6
DA:101,4
DA:103,0
DA:104,0
DA:107,2
DA:108,4
DA:109,2
DA:111,1
DA:114,4
DA:115,2
DA:116,6
DA:124,1
DA:125,6
DA:126,1
DA:127,4
DA:136,3
DA:137,1
DA:138,1
DA:140,0
DA:142,0
DA:147,1
DA:150,2
DA:151,3
DA:152,1
DA:153,2
DA:155,0
DA:157,1
DA:162,3
DA:163,1
DA:164,1
DA:166,0
DA:168,0
DA:173,3
DA:174,1
DA:175,1
DA:177,0
DA:179,0
DA:184,3
DA:185,1
DA:186,2
DA:188,0
DA:190,0
DA:195,3
DA:196,1
DA:197,1
DA:199,0
DA:201,0
DA:206,3
DA:207,1
DA:208,1
DA:210,0
DA:212,0
DA:217,3
DA:218,1
DA:219,2
DA:221,0
DA:223,0
DA:228,3
DA:229,1
DA:230,1
DA:232,0
DA:234,0
DA:239,3
DA:240,1
DA:241,2
DA:243,0
DA:245,0
DA:250,3
DA:251,1
DA:252,2
DA:254,0
DA:256,0
DA:261,3
DA:262,1
DA:263,2
DA:265,0
DA:267,0
DA:272,3
DA:273,1
DA:274,2
DA:276,0
DA:278,0
DA:284,1
DA:287,1
DA:290,1
DA:291,1
DA:292,1
DA:295,3
DA:296,1
DA:297,2
DA:299,0
DA:301,1
DA:309,1
DA:312,1
DA:315,1
DA:318,1
DA:319,1
DA:320,1
DA:321,1
DA:324,3
DA:325,1
DA:326,2
DA:328,1
DA:330,1
DA:336,1
DA:340,1
DA:343,1
DA:344,2
DA:345,3
DA:346,1
DA:347,2
DA:349,0
DA:351,1
DA:359,1
DA:363,2
DA:364,3
DA:365,1
DA:366,1
DA:367,0
DA:372,0
DA:374,1
DA:383,1
DA:387,1
DA:388,1
DA:389,3
DA:390,1
DA:391,1
DA:392,2
DA:397,0
DA:399,1
DA:407,1
DA:411,2
DA:412,3
DA:413,1
DA:414,1
DA:415,0
DA:420,0
DA:422,1
DA:430,1
DA:434,1
DA:435,1
DA:436,3
DA:437,1
DA:438,1
DA:439,2
DA:444,0
DA:446,1
DA:451,1
DA:454,1
DA:457,1
DA:458,2
DA:459,3
DA:460,1
DA:461,2
DA:463,0
DA:465,1
DA:473,1
DA:476,1
DA:479,1
DA:480,1
DA:481,1
DA:483,3
DA:484,1
DA:485,2
DA:487,0
DA:489,1
DA:504,1
DA:507,1
DA:510,1
DA:511,1
DA:512,1
DA:513,1
DA:515,1
DA:516,1
DA:517,1
DA:518,1
DA:520,1
DA:521,1
DA:522,3
DA:523,1
DA:524,0
DA:526,1
DA:528,1
DA:536,1
DA:540,2
DA:541,3
DA:542,1
DA:543,0
DA:545,1
DA:547,1
DA:563,1
DA:566,1
DA:569,1
DA:570,1
DA:571,1
DA:572,1
DA:573,1
DA:575,1
DA:576,1
DA:577,1
DA:579,1
DA:580,1
DA:581,3
DA:582,1
DA:583,2
DA:585,1
DA:587,1
DA:603,1
DA:604,1
DA:605,1
DA:606,1
DA:608,1
DA:609,1
DA:610,1
DA:612,1
DA:613,1
DA:615,3
DA:616,1
DA:617,2
DA:619,0
DA:621,0
DA:631,1
DA:633,2
DA:635,3
DA:636,1
DA:637,2
DA:639,0
DA:641,1
DA:653,1
DA:656,1
DA:657,1
DA:659,3
DA:660,1
DA:661,2
DA:663,0
DA:665,1
DA:673,1
DA:675,2
DA:677,3
DA:678,1
DA:679,2
DA:681,0
DA:683,1
DA:692,1
DA:696,1
DA:699,1
DA:700,1
DA:701,1
DA:704,3
DA:705,1
DA:706,2
DA:708,0
DA:710,1
DA:719,1
DA:723,1
DA:726,1
DA:727,1
DA:729,1
DA:733,3
DA:734,1
DA:735,2
DA:737,0
DA:739,1
DA:749,1
DA:752,2
DA:754,3
DA:755,1
DA:756,2
DA:758,0
DA:760,1
DA:770,1
DA:774,1
DA:777,1
DA:778,1
DA:779,1
DA:782,3
DA:783,1
DA:784,2
DA:786,0
DA:788,1
DA:799,1
DA:803,1
DA:806,1
DA:807,1
DA:809,1
DA:812,3
DA:813,1
DA:814,2
DA:816,0
DA:818,1
DA:843,1
DA:844,1
DA:845,1
DA:847,1
DA:849,1
DA:850,1
DA:852,2
DA:856,2
DA:858,1
DA:860,3
DA:861,1
DA:862,0
DA:864,1
DA:866,0
DA:873,1
DA:875,3
DA:876,1
DA:877,2
DA:879,0
DA:881,0
DA:888,1
DA:890,3
DA:891,1
DA:892,2
DA:894,0
DA:896,0
DA:905,1
DA:907,2
DA:909,3
DA:910,1
DA:911,1
DA:913,0
DA:915,1
DA:923,1
DA:925,2
DA:927,3
DA:928,1
DA:929,0
DA:931,1
DA:933,1
DA:940,1
DA:942,2
DA:944,3
DA:945,1
DA:946,0
DA:948,1
DA:950,1
DA:959,1
DA:960,1
DA:961,1
DA:963,1
DA:965,0
DA:966,0
DA:968,2
DA:972,2
DA:974,1
DA:976,3
DA:977,1
DA:978,0
DA:980,1
DA:982,0
DA:988,1
DA:990,3
DA:991,1
DA:992,2
DA:994,0
DA:996,0
DA:1007,1
DA:1010,1
DA:1013,1
DA:1015,1
DA:1016,1
DA:1017,1
DA:1018,1
DA:1021,3
DA:1022,1
DA:1023,1
DA:1025,0
DA:1027,1
DA:1036,1
DA:1039,1
DA:1041,2
DA:1043,3
DA:1044,1
DA:1045,1
DA:1047,0
DA:1049,1
DA:1054,1
DA:1056,3
DA:1057,1
DA:1058,1
DA:1060,0
DA:1062,0
DA:1078,1
DA:1081,1
DA:1084,1
DA:1087,1
DA:1089,1
DA:1090,1
DA:1091,1
DA:1092,1
DA:1094,1
DA:1095,1
DA:1097,1
DA:1098,1
DA:1100,3
DA:1101,1
DA:1102,0
DA:1104,1
DA:1106,1
end_of_record
SF:/home/steve/Development/google/dart/projects/ethereum/lib/src/ethereum_rpc_client.dart
DA:15,2
DA:23,2
DA:28,0
DA:30,2
DA:34,1
DA:35,1
DA:36,1
DA:38,1
DA:40,2
DA:41,2
DA:42,3
DA:48,1
DA:50,1
end_of_record
SF:/home/steve/Development/google/dart/projects/ethereum/lib/src/messages/ethereum_transaction_receipt.dart
DA:14,1
DA:16,2
DA:17,2
DA:23,2
DA:28,2
DA:33,2
DA:38,2
DA:43,1
DA:48,2
DA:53,2
DA:58,1
DA:63,1
DA:69,1
DA:75,1
DA:79,1
DA:82,2
DA:83,4
DA:85,2
DA:86,1
DA:87,3
DA:89,2
DA:90,4
DA:92,2
DA:93,1
DA:94,3
DA:96,2
DA:97,1
DA:98,3
DA:100,2
DA:101,4
DA:103,2
DA:104,4
DA:106,2
DA:107,4
DA:109,2
DA:110,4
DA:112,2
DA:113,4
DA:115,2
DA:116,2
DA:117,3
DA:118,2
DA:119,4
DA:120,1
DA:121,1
DA:122,2
DA:130,2
DA:131,2
DA:132,4
DA:133,2
DA:134,4
DA:135,2
DA:136,4
DA:137,2
DA:138,4
DA:139,2
DA:140,4
DA:141,2
DA:142,4
end_of_record
SF:/home/steve/Development/google/dart/projects/ethereum/lib/src/messages/ethereum_transaction.dart
DA:14,1
DA:16,2
DA:17,2
DA:23,2
DA:28,1
DA:34,2
DA:40,2
DA:46,2
DA:51,2
DA:56,2
DA:61,2
DA:66,1
DA:71,2
DA:76,1
DA:80,1
DA:83,2
DA:84,4
DA:86,2
DA:87,4
DA:89,2
DA:90,4
DA:92,2
DA:93,1
DA:94,3
DA:96,2
DA:97,1
DA:98,3
DA:100,2
DA:101,4
DA:103,2
DA:104,4
DA:106,2
DA:107,4
DA:109,2
DA:110,4
DA:112,2
DA:113,4
DA:115,2
DA:116,4
DA:122,2
DA:123,2
DA:124,4
DA:125,2
DA:126,4
DA:127,2
DA:128,4
DA:129,2
DA:130,4
DA:131,2
DA:132,4
DA:133,2
DA:134,4
DA:135,2
DA:136,4
DA:137,2
DA:138,4
end_of_record
SF:/home/steve/Development/google/dart/projects/ethereum/lib/src/messages/ethereum_work.dart
DA:15,1
DA:17,2
DA:18,2
DA:24,2
DA:29,2
DA:34,2
DA:41,4
DA:44,6
DA:45,6
DA:46,6
DA:51,2
DA:52,2
DA:53,4
DA:54,2
DA:55,4
DA:56,2
DA:57,4
end_of_record
SF:/home/steve/Development/google/dart/projects/ethereum/lib/src/adapters/ethereum_inetwork_adapter.dart
DA:14,0
end_of_record
SF:/home/steve/Development/google/dart/projects/ethereum/lib/src/messages/ethereum_sync_status.dart
DA:14,1
DA:16,2
DA:17,2
DA:23,2
DA:28,2
DA:33,2
DA:38,2
DA:42,4
DA:43,2
DA:44,2
DA:45,3
DA:47,2
DA:48,3
DA:50,2
DA:51,3
DA:59,4
DA:60,1
DA:61,3
DA:62,1
DA:63,2
DA:64,1
DA:65,2
end_of_record
SF:/home/steve/Development/google/dart/projects/ethereum/lib/src/messages/ethereum_block.dart
DA:14,1
DA:16,2
DA:17,2
DA:23,2
DA:28,2
DA:33,2
DA:38,1
DA:43,1
DA:48,1
DA:53,1
DA:58,1
DA:63,1
DA:68,2
DA:73,2
DA:78,1
DA:83,1
DA:88,1
DA:93,1
DA:98,2
DA:103,2
DA:109,1
DA:114,1
DA:119,1
DA:123,2
DA:126,2
DA:127,4
DA:129,2
DA:130,4
DA:132,2
DA:133,4
DA:135,2
DA:136,4
DA:138,2
DA:139,4
DA:141,2
DA:142,4
DA:144,2
DA:145,1
DA:146,3
DA:148,2
DA:149,4
DA:151,2
DA:152,4
DA:154,2
DA:155,4
DA:157,2
DA:158,1
DA:159,3
DA:161,2
DA:162,1
DA:163,3
DA:165,2
DA:166,4
DA:168,2
DA:169,4
DA:171,2
DA:172,4
DA:174,2
DA:175,4
DA:177,2
DA:178,2
DA:179,3
DA:181,2
DA:182,1
DA:183,3
DA:185,2
DA:186,2
DA:187,3
DA:188,4
DA:190,1
DA:191,1
DA:192,3
DA:195,2
DA:196,4
DA:197,1
DA:199,1
DA:200,2
DA:209,2
DA:210,2
DA:211,4
DA:212,2
DA:213,4
DA:214,2
DA:215,4
DA:216,2
DA:217,4
DA:218,2
DA:219,4
DA:220,2
DA:221,4
DA:222,2
DA:223,4
end_of_record
SF:/home/steve/Development/google/dart/projects/ethereum/lib/src/messages/ethereum_filter.dart
DA:18,1
DA:20,1
DA:21,1
DA:27,1
DA:32,1
DA:37,1
DA:40,2
DA:41,3
DA:43,3
DA:46,2
DA:47,3
DA:48,1
DA:49,1
DA:50,2
end_of_record
SF:/home/steve/Development/google/dart/projects/ethereum/lib/src/ethereum_utilities.dart
DA:25,2
DA:26,2
DA:27,2
DA:28,1
DA:29,1
DA:31,2
DA:32,1
DA:34,3
DA:35,1
DA:36,1
DA:37,2
DA:38,1
DA:42,2
DA:47,2
DA:53,2
DA:58,1
DA:59,3
DA:64,2
DA:65,6
DA:70,1
DA:71,3
DA:76,1
DA:77,4
DA:82,2
DA:83,2
DA:85,2
DA:87,2
DA:89,1
end_of_record
SF:/home/steve/Development/google/dart/projects/ethereum/lib/src/parameters/ethereum_default_block.dart
DA:24,1
DA:27,2
DA:28,2
DA:29,2
DA:30,2
DA:36,1
DA:39,2
DA:40,2
DA:41,2
DA:42,2
DA:48,1
DA:51,2
DA:52,2
DA:53,2
DA:54,2
DA:60,1
DA:63,2
DA:64,2
DA:65,2
DA:66,2
DA:71,2
DA:74,2
DA:77,2
DA:80,2
DA:81,4
end_of_record
SF:/home/steve/Development/google/dart/projects/ethereum/lib/src/messages/ethereum_log.dart
DA:14,1
DA:16,1
DA:17,1
DA:23,1
DA:28,1
DA:33,1
DA:38,1
DA:43,1
DA:48,1
DA:53,1
DA:58,1
DA:65,1
DA:69,1
DA:72,2
DA:73,3
DA:75,2
DA:76,4
DA:78,2
DA:79,1
DA:80,3
DA:82,2
DA:83,4
DA:85,2
DA:86,4
DA:88,2
DA:89,1
DA:90,3
DA:92,2
DA:93,4
DA:95,2
DA:96,4
DA:98,2
DA:99,2
DA:100,3
DA:101,2
DA:102,4
DA:103,1
DA:104,2
DA:112,1
DA:113,1
DA:114,2
DA:115,1
DA:116,2
DA:117,1
DA:118,2
DA:119,1
DA:120,2
DA:121,1
DA:122,2
DA:123,1
DA:124,2
DA:125,1
DA:126,2
end_of_record
